<?xml version="1.0" encoding="UTF-8"?>
<beans xmlns="http://www.springframework.org/schema/beans"
	xmlns:xsi="http://www.w3.org/2001/XMLSchema-instance"
	xsi:schemaLocation="http://www.springframework.org/schema/beans http://www.springframework.org/schema/beans/spring-beans.xsd">

	<!-- 핸들러매핑 (생략) -->

	<!-- 컨트롤러 -->
	<!-- 패키지 상관없이 확장자가 do -->
	<bean class="com.hb.controller.MyController">
		<property name="dao" ref="dao" />
		<property name="page" ref="page"/> <!-- applicationContext의 page참조 -->
    </bean>
	<!-- 뷰리졸버 -->
	<bean
		class="org.springframework.web.servlet.view.InternalResourceViewResolver">
		<property name="prefix" value="/" />
		<property name="suffix" value=".jsp" />
	</bean>
</beans>
